2025-04-28 19:34:25,818 INFO: Logging to logs/microseq_20250428_193425.log
2025-04-28 19:34:25,819 ERROR: AB1→FASTQ failed
Traceback (most recent call last):
  File "/home/jason/microseq_tests/src/microseq_tests/pipeline.py", line 111, in run_ab1_to_fastq
    written: Sequence[Path] = ab1_to_fastq(input_dir, output_dir, overwrite=overwrite)
NameError: name 'ab1_to_fastq' is not defined
2025-04-28 19:34:25,819 ERROR: FASTQ→FASTA failed
Traceback (most recent call last):
  File "/home/jason/microseq_tests/src/microseq_tests/pipeline.py", line 128, in run_fastq_to_fasta
    out = fastq_to_fasta(input_dir, output_fasta)
NameError: name 'fastq_to_fasta' is not defined
